{
  "RSpec": {
    "coverage": {
      "/vagrant/space_share/app/models/user.rb": [
        1,
        null,
        null,
        1,
        null,
        null,
        null,
        null,
        1,
        null,
        1,
        null,
        1,
        null,
        1,
        null,
        1,
        1,
        null,
        1,
        1,
        null,
        null,
        null,
        1,
        1,
        1,
        null,
        null
      ],
      "/vagrant/space_share/app/models/application_record.rb": [
        1,
        1,
        null
      ],
      "/vagrant/space_share/app/models/owner.rb": [
        1,
        null,
        null,
        1,
        null,
        null,
        null,
        null,
        1,
        null,
        1,
        null,
        1,
        null,
        1,
        null,
        1,
        1,
        null,
        1,
        1,
        null,
        null,
        null,
        null,
        1,
        null,
        null
      ],
      "/vagrant/space_share/app/helpers/application_helper.rb": [
        1,
        null,
        null,
        1,
        0,
        null,
        null,
        null,
        null
      ],
      "/vagrant/space_share/app/helpers/likes_helper.rb": [
        1,
        null
      ],
      "/vagrant/space_share/app/helpers/owners_helper.rb": [
        1,
        null
      ],
      "/vagrant/space_share/app/helpers/reservations_helper.rb": [
        1,
        null
      ],
      "/vagrant/space_share/app/helpers/restaurants_helper.rb": [
        1,
        null
      ],
      "/vagrant/space_share/app/helpers/reviews_helper.rb": [
        1,
        null
      ],
      "/vagrant/space_share/app/helpers/root_helper.rb": [
        1,
        null
      ],
      "/vagrant/space_share/app/helpers/users_helper.rb": [
        1,
        null
      ],
      "/vagrant/space_share/app/models/reservation.rb": [
        1,
        1,
        null,
        null,
        1,
        1,
        205,
        null,
        null,
        1,
        1,
        1,
        1,
        1,
        null,
        null,
        null,
        1,
        1,
        1,
        1,
        null,
        null,
        54,
        null,
        53,
        0,
        null,
        0,
        0,
        null,
        null,
        null,
        null,
        1,
        53,
        0,
        null,
        null,
        null,
        1,
        51,
        null,
        null,
        null,
        1,
        53,
        0,
        null,
        null,
        null,
        1,
        51,
        0,
        null,
        null,
        null,
        null,
        1,
        1,
        null,
        null,
        null,
        null,
        null
      ],
      "/vagrant/space_share/app/models/restaurant.rb": [
        1,
        null,
        null,
        1,
        1,
        1,
        1,
        null,
        null,
        1,
        190,
        null,
        null,
        1,
        1,
        1,
        1,
        1,
        1,
        1,
        1,
        1,
        1,
        null,
        null,
        1,
        1,
        106,
        null,
        1,
        null,
        null,
        null,
        null,
        null,
        1,
        null,
        null,
        null,
        null,
        null,
        null,
        null,
        null,
        null
      ],
      "/vagrant/space_share/app/models/review.rb": [
        1,
        null,
        null,
        1,
        1,
        null,
        null
      ],
      "/vagrant/space_share/app/controllers/owners_controller.rb": [
        1,
        null,
        1,
        1,
        null,
        null,
        1,
        null,
        null,
        null,
        1,
        null,
        null,
        null,
        1,
        2,
        null,
        2,
        0,
        null,
        2,
        null,
        null,
        null,
        1,
        null,
        null,
        null,
        1,
        3,
        3,
        null,
        null,
        1,
        2,
        null,
        null,
        1,
        0,
        null,
        null,
        null,
        null,
        null,
        null,
        1,
        1,
        2,
        null,
        null,
        1,
        null,
        0,
        0,
        0,
        null,
        null,
        null,
        1,
        1,
        0,
        null,
        null,
        null,
        null
      ],
      "/vagrant/space_share/app/controllers/application_controller.rb": [
        1,
        1,
        null,
        1,
        null,
        null,
        null,
        1,
        1,
        4,
        4,
        null,
        null,
        null,
        null
      ],
      "/vagrant/space_share/app/controllers/owners/sessions_controller.rb": [
        null,
        null,
        1,
        null,
        null,
        1,
        0,
        null,
        null,
        null,
        1,
        0,
        null,
        null,
        null,
        null,
        null,
        null,
        null,
        null,
        null,
        null,
        null,
        null,
        null,
        null,
        null,
        null,
        null,
        null,
        null,
        null,
        null,
        null,
        null,
        null,
        null,
        null,
        null,
        null
      ],
      "/vagrant/space_share/app/controllers/reservations_controller.rb": [
        1,
        null,
        1,
        null,
        1,
        3,
        3,
        3,
        null,
        null,
        1,
        0,
        0,
        0,
        0,
        0,
        0,
        null,
        0,
        null,
        null,
        null,
        1,
        0,
        0,
        0,
        null,
        null,
        1,
        null,
        null,
        1,
        0,
        0,
        0,
        0,
        null,
        null,
        1,
        null,
        null,
        1,
        0,
        0,
        null,
        null,
        null,
        null,
        1,
        0,
        0,
        null,
        null,
        null,
        null,
        null,
        null,
        null,
        null,
        1,
        null,
        1,
        0,
        null,
        null,
        null,
        null
      ],
      "/vagrant/space_share/app/controllers/users_controller.rb": [
        1,
        null,
        1,
        1,
        null,
        null,
        1,
        2,
        null,
        2,
        0,
        null,
        2,
        null,
        null,
        null,
        1,
        0,
        null,
        null,
        1,
        null,
        null,
        1,
        0,
        0,
        0,
        0,
        null,
        null,
        1,
        4,
        4,
        null,
        null,
        1,
        2,
        null,
        null,
        null,
        null,
        1,
        1,
        2,
        null,
        null,
        1,
        null,
        4,
        4,
        0,
        null,
        null,
        null,
        1,
        1,
        0,
        null,
        null,
        null,
        null
      ],
      "/vagrant/space_share/app/controllers/restaurants_controller.rb": [
        1,
        null,
        null,
        1,
        1,
        1,
        null,
        null,
        1,
        1,
        null,
        null,
        1,
        1,
        1,
        1,
        1,
        null,
        0,
        0,
        null,
        null,
        null,
        1,
        0,
        0,
        0,
        null,
        0,
        null,
        null,
        null,
        1,
        3,
        3,
        null,
        null,
        1,
        1,
        null,
        1,
        null,
        1,
        null,
        1,
        null,
        1,
        null,
        1,
        null,
        1,
        1,
        1,
        1,
        1,
        null,
        0,
        null,
        null,
        null,
        null,
        1,
        0,
        null,
        null,
        1,
        0,
        0,
        0,
        0,
        null,
        null,
        null,
        null,
        1,
        1,
        1,
        null,
        null,
        null
      ],
      "/vagrant/space_share/app/controllers/users/sessions_controller.rb": [
        null,
        null,
        1,
        null,
        null,
        null,
        null,
        null,
        null,
        null,
        null,
        null,
        null,
        null,
        null,
        null,
        null,
        null,
        null,
        null,
        null,
        null,
        null,
        null,
        null,
        null,
        null
      ],
      "/vagrant/space_share/app/mailers/application_mailer.rb": [
        0,
        0,
        0,
        0
      ],
      "/vagrant/space_share/app/models/like.rb": [
        0,
        null,
        null,
        0,
        0,
        null,
        0
      ],
      "/vagrant/space_share/app/jobs/application_job.rb": [
        0,
        0
      ],
      "/vagrant/space_share/app/controllers/likes_controller.rb": [
        0,
        0,
        null,
        0,
        0,
        0,
        0,
        null,
        0,
        0,
        0,
        0,
        0,
        null,
        0,
        0,
        0,
        0,
        0,
        null,
        null,
        0,
        0,
        0,
        0,
        0,
        0,
        0,
        0,
        0,
        0,
        0,
        0,
        null,
        0
      ],
      "/vagrant/space_share/app/controllers/root_controller.rb": [
        0,
        0,
        null,
        0,
        0
      ],
      "/vagrant/space_share/app/controllers/users/omniauth_callbacks_controller.rb": [
        null,
        null,
        0,
        null,
        null,
        null,
        null,
        null,
        null,
        null,
        null,
        null,
        null,
        null,
        null,
        null,
        null,
        null,
        null,
        null,
        null,
        null,
        null,
        null,
        null,
        null,
        null,
        null,
        null,
        0
      ],
      "/vagrant/space_share/app/controllers/users/passwords_controller.rb": [
        null,
        null,
        0,
        null,
        null,
        null,
        null,
        null,
        null,
        null,
        null,
        null,
        null,
        null,
        null,
        null,
        null,
        null,
        null,
        null,
        null,
        null,
        null,
        null,
        null,
        null,
        null,
        null,
        null,
        null,
        null,
        null,
        null,
        0
      ],
      "/vagrant/space_share/app/controllers/users/unlocks_controller.rb": [
        null,
        null,
        0,
        null,
        null,
        null,
        null,
        null,
        null,
        null,
        null,
        null,
        null,
        null,
        null,
        null,
        null,
        null,
        null,
        null,
        null,
        null,
        null,
        null,
        null,
        null,
        null,
        null,
        null,
        0
      ],
      "/vagrant/space_share/app/controllers/users/confirmations_controller.rb": [
        null,
        null,
        0,
        null,
        null,
        null,
        null,
        null,
        null,
        null,
        null,
        null,
        null,
        null,
        null,
        null,
        null,
        null,
        null,
        null,
        null,
        null,
        null,
        null,
        null,
        null,
        null,
        null,
        null,
        0
      ],
      "/vagrant/space_share/app/controllers/users/registrations_controller.rb": [
        null,
        null,
        0,
        null,
        null,
        null,
        null,
        null,
        null,
        null,
        null,
        null,
        null,
        null,
        null,
        null,
        null,
        null,
        null,
        null,
        null,
        null,
        null,
        null,
        null,
        null,
        null,
        null,
        null,
        null,
        null,
        null,
        null,
        null,
        null,
        null,
        null,
        null,
        null,
        null,
        null,
        null,
        null,
        null,
        null,
        null,
        null,
        null,
        null,
        null,
        null,
        null,
        null,
        null,
        null,
        null,
        null,
        null,
        null,
        null,
        null,
        0
      ],
      "/vagrant/space_share/app/controllers/owners/omniauth_callbacks_controller.rb": [
        null,
        null,
        0,
        null,
        null,
        null,
        null,
        null,
        null,
        null,
        null,
        null,
        null,
        null,
        null,
        null,
        null,
        null,
        null,
        null,
        null,
        null,
        null,
        null,
        null,
        null,
        null,
        null,
        null,
        0
      ],
      "/vagrant/space_share/app/controllers/owners/passwords_controller.rb": [
        null,
        null,
        0,
        null,
        null,
        null,
        null,
        null,
        null,
        null,
        null,
        null,
        null,
        null,
        null,
        null,
        null,
        null,
        null,
        null,
        null,
        null,
        null,
        null,
        null,
        null,
        null,
        null,
        null,
        null,
        null,
        null,
        null,
        0
      ],
      "/vagrant/space_share/app/controllers/owners/unlocks_controller.rb": [
        null,
        null,
        0,
        null,
        null,
        null,
        null,
        null,
        null,
        null,
        null,
        null,
        null,
        null,
        null,
        null,
        null,
        null,
        null,
        null,
        null,
        null,
        null,
        null,
        null,
        null,
        null,
        null,
        null,
        0
      ],
      "/vagrant/space_share/app/controllers/owners/confirmations_controller.rb": [
        null,
        null,
        0,
        null,
        null,
        null,
        null,
        null,
        null,
        null,
        null,
        null,
        null,
        null,
        null,
        null,
        null,
        null,
        null,
        null,
        null,
        null,
        null,
        null,
        null,
        null,
        null,
        null,
        null,
        0
      ],
      "/vagrant/space_share/app/controllers/owners/registrations_controller.rb": [
        null,
        null,
        0,
        null,
        null,
        null,
        null,
        null,
        null,
        null,
        null,
        null,
        null,
        null,
        null,
        null,
        null,
        null,
        null,
        null,
        null,
        null,
        null,
        null,
        null,
        null,
        null,
        null,
        null,
        null,
        null,
        null,
        null,
        null,
        null,
        null,
        null,
        null,
        null,
        null,
        null,
        null,
        null,
        null,
        null,
        null,
        null,
        null,
        null,
        null,
        null,
        null,
        null,
        null,
        null,
        null,
        null,
        null,
        null,
        null,
        null,
        0
      ],
      "/vagrant/space_share/app/controllers/reviews_controller.rb": [
        0,
        null,
        0,
        0,
        0,
        null,
        0,
        0,
        0,
        0,
        0,
        0,
        0,
        null,
        0,
        0,
        0,
        0,
        0,
        0,
        null,
        0,
        0,
        0,
        0,
        0,
        0,
        0,
        0,
        null,
        0,
        0,
        null,
        0,
        0,
        null,
        0,
        0,
        0,
        null,
        null,
        0,
        0,
        0,
        0,
        null,
        null,
        null,
        0
      ],
      "/vagrant/space_share/app/channels/application_cable/connection.rb": [
        0,
        0,
        0,
        0
      ],
      "/vagrant/space_share/app/channels/application_cable/channel.rb": [
        0,
        0,
        0,
        0
      ]
    },
    "timestamp": 1570693435
  }
}
